Base path: /opt/UnityBeta/Editor/Data
Cmd: initializeCompiler
Cmd: compileComputeKernel
  api=15 insize=1386 outsize=3645 ok=1
Cmd: compileComputeKernel
  api=15 insize=3182 outsize=3853 ok=1
Cmd: compileComputeKernel
  api=18 insize=3182 outsize=14873 ok=1
Cmd: compileComputeKernel
  api=15 insize=1484 outsize=5625 ok=1
Cmd: compileComputeKernel
  api=15 insize=2285 outsize=5177 ok=1
Cmd: initializeCompiler
Cmd: initializeCompiler
Cmd: initializeCompiler
Cmd: initializeCompiler
Cmd: initializeCompiler
Cmd: initializeCompiler
Cmd: initializeCompiler

Quitting shader compiler process
