Base path: /opt/UnityBeta/Editor/Data
Cmd: initializeCompiler
Cmd: compileComputeKernel
  api=15 insize=1386 outsize=5357 ok=1
Cmd: compileComputeKernel
  api=15 insize=3182 outsize=6893 ok=1
Cmd: compileComputeKernel
  api=18 insize=3182 outsize=19289 ok=1
Cmd: compileComputeKernel
  api=15 insize=1484 outsize=1021 ok=1
Cmd: compileComputeKernel
  api=18 insize=1484 outsize=1433 ok=1
Cmd: compileComputeKernel
  api=18 insize=2285 outsize=11869 ok=1
Cmd: initializeCompiler
Cmd: initializeCompiler
Cmd: initializeCompiler
Cmd: initializeCompiler
Cmd: initializeCompiler
Cmd: initializeCompiler
Cmd: initializeCompiler

Quitting shader compiler process
